{"/home/naqeeb/Desktop/Learning/bikeApi/src/db.ts": {"path":"/home/naqeeb/Desktop/Learning/bikeApi/src/db.ts","statementMap":{"0":{"start":{"line":3,"column":0},"end":{"line":3,"column":32}},"1":{"start":{"line":4,"column":0},"end":{"line":4,"column":28}},"2":{"start":{"line":5,"column":0},"end":{"line":5,"column":32}},"3":{"start":{"line":6,"column":0},"end":{"line":6,"column":28}},"4":{"start":{"line":8,"column":0},"end":{"line":8,"column":48}},"5":{"start":{"line":11,"column":11},"end":{"line":11,"column":33}},"6":{"start":{"line":14,"column":0},"end":{"line":16,"column":61}},"7":{"start":{"line":15,"column":12},"end":{"line":15,"column":51}},"8":{"start":{"line":16,"column":16},"end":{"line":16,"column":59}},"9":{"start":{"line":23,"column":17},"end":{"line":31,"column":null}},"10":{"start":{"line":23,"column":60},"end":{"line":31,"column":null}},"11":{"start":{"line":24,"column":32},"end":{"line":28,"column":6}},"12":{"start":{"line":29,"column":22},"end":{"line":29,"column":50}},"13":{"start":{"line":30,"column":4},"end":{"line":30,"column":28}},"14":{"start":{"line":64,"column":8},"end":{"line":64,"column":16}},"15":{"start":{"line":38,"column":24},"end":{"line":41,"column":null}},"16":{"start":{"line":38,"column":58},"end":{"line":41,"column":null}},"17":{"start":{"line":39,"column":23},"end":{"line":39,"column":61}},"18":{"start":{"line":40,"column":4},"end":{"line":40,"column":104}},"19":{"start":{"line":64,"column":18},"end":{"line":64,"column":33}},"20":{"start":{"line":48,"column":29},"end":{"line":62,"column":null}},"21":{"start":{"line":48,"column":80},"end":{"line":62,"column":null}},"22":{"start":{"line":49,"column":23},"end":{"line":49,"column":61}},"23":{"start":{"line":50,"column":4},"end":{"line":61,"column":15}},"24":{"start":{"line":64,"column":35},"end":{"line":64,"column":55}}},"fnMap":{"0":{"name":"(anonymous_8)","decl":{"start":{"line":15,"column":6},"end":{"line":15,"column":9}},"loc":{"start":{"line":15,"column":12},"end":{"line":15,"column":51}}},"1":{"name":"(anonymous_9)","decl":{"start":{"line":16,"column":7},"end":{"line":16,"column":8}},"loc":{"start":{"line":16,"column":16},"end":{"line":16,"column":59}}},"2":{"name":"(anonymous_10)","decl":{"start":{"line":23,"column":17},"end":{"line":23,"column":23}},"loc":{"start":{"line":23,"column":60},"end":{"line":31,"column":null}}},"3":{"name":"(anonymous_11)","decl":{"start":{"line":23,"column":60},"end":{"line":23,"column":null}},"loc":{"start":{"line":23,"column":60},"end":{"line":31,"column":1}}},"4":{"name":"(anonymous_12)","decl":{"start":{"line":38,"column":24},"end":{"line":38,"column":30}},"loc":{"start":{"line":38,"column":58},"end":{"line":41,"column":null}}},"5":{"name":"(anonymous_13)","decl":{"start":{"line":38,"column":58},"end":{"line":38,"column":null}},"loc":{"start":{"line":38,"column":58},"end":{"line":41,"column":1}}},"6":{"name":"(anonymous_14)","decl":{"start":{"line":48,"column":29},"end":{"line":48,"column":35}},"loc":{"start":{"line":48,"column":80},"end":{"line":62,"column":null}}},"7":{"name":"(anonymous_15)","decl":{"start":{"line":48,"column":80},"end":{"line":48,"column":null}},"loc":{"start":{"line":48,"column":80},"end":{"line":62,"column":1}}}},"branchMap":{},"s":{"0":3,"1":3,"2":3,"3":3,"4":3,"5":3,"6":3,"7":1,"8":0,"9":3,"10":0,"11":0,"12":0,"13":0,"14":3,"15":3,"16":1,"17":1,"18":1,"19":3,"20":3,"21":1,"22":1,"23":1,"24":3},"f":{"0":1,"1":0,"2":0,"3":0,"4":1,"5":1,"6":1,"7":1},"b":{}}
,"/home/naqeeb/Desktop/Learning/bikeApi/src/index.ts": {"path":"/home/naqeeb/Desktop/Learning/bikeApi/src/index.ts","statementMap":{"0":{"start":{"line":1,"column":0},"end":{"line":1,"column":30}},"1":{"start":{"line":2,"column":0},"end":{"line":2,"column":32}},"2":{"start":{"line":3,"column":0},"end":{"line":3,"column":28}},"3":{"start":{"line":4,"column":0},"end":{"line":4,"column":36}},"4":{"start":{"line":5,"column":0},"end":{"line":5,"column":37}},"5":{"start":{"line":6,"column":0},"end":{"line":6,"column":47}},"6":{"start":{"line":7,"column":0},"end":{"line":7,"column":64}},"7":{"start":{"line":8,"column":0},"end":{"line":8,"column":62}},"8":{"start":{"line":10,"column":12},"end":{"line":10,"column":21}},"9":{"start":{"line":54,"column":8},"end":{"line":54,"column":11}},"10":{"start":{"line":11,"column":13},"end":{"line":11,"column":17}},"11":{"start":{"line":12,"column":0},"end":{"line":12,"column":24}},"12":{"start":{"line":13,"column":0},"end":{"line":13,"column":46}},"13":{"start":{"line":18,"column":23},"end":{"line":18,"column":47}},"14":{"start":{"line":19,"column":4},"end":{"line":21,"column":null}},"15":{"start":{"line":20,"column":8},"end":{"line":20,"column":79}},"16":{"start":{"line":22,"column":4},"end":{"line":22,"column":18}},"17":{"start":{"line":26,"column":0},"end":{"line":28,"column":3}},"18":{"start":{"line":27,"column":2},"end":{"line":27,"column":49}},"19":{"start":{"line":30,"column":0},"end":{"line":32,"column":3}},"20":{"start":{"line":31,"column":4},"end":{"line":31,"column":51}},"21":{"start":{"line":34,"column":0},"end":{"line":47,"column":3}},"22":{"start":{"line":35,"column":4},"end":{"line":46,"column":7}},"23":{"start":{"line":36,"column":20},"end":{"line":36,"column":48}},"24":{"start":{"line":38,"column":8},"end":{"line":38,"column":61}},"25":{"start":{"line":39,"column":8},"end":{"line":44,"column":null}},"26":{"start":{"line":40,"column":12},"end":{"line":40,"column":86}},"27":{"start":{"line":42,"column":13},"end":{"line":44,"column":null}},"28":{"start":{"line":43,"column":12},"end":{"line":43,"column":63}},"29":{"start":{"line":45,"column":8},"end":{"line":45,"column":18}},"30":{"start":{"line":49,"column":0},"end":{"line":49,"column":18}},"31":{"start":{"line":50,"column":0},"end":{"line":52,"column":3}},"32":{"start":{"line":51,"column":2},"end":{"line":51,"column":55}}},"fnMap":{"0":{"name":"auth","decl":{"start":{"line":17,"column":9},"end":{"line":17,"column":13}},"loc":{"start":{"line":17,"column":28},"end":{"line":23,"column":1}}},"1":{"name":"(anonymous_2)","decl":{"start":{"line":26,"column":15},"end":{"line":26,"column":16}},"loc":{"start":{"line":26,"column":28},"end":{"line":28,"column":1}}},"2":{"name":"(anonymous_3)","decl":{"start":{"line":30,"column":13},"end":{"line":30,"column":14}},"loc":{"start":{"line":30,"column":26},"end":{"line":32,"column":1}}},"3":{"name":"(anonymous_4)","decl":{"start":{"line":34,"column":34},"end":{"line":34,"column":35}},"loc":{"start":{"line":34,"column":53},"end":{"line":47,"column":1}}},"4":{"name":"(anonymous_5)","decl":{"start":{"line":36,"column":10},"end":{"line":36,"column":16}},"loc":{"start":{"line":36,"column":20},"end":{"line":36,"column":48}}},"5":{"name":"(anonymous_6)","decl":{"start":{"line":37,"column":11},"end":{"line":37,"column":14}},"loc":{"start":{"line":37,"column":17},"end":{"line":46,"column":5}}},"6":{"name":"(anonymous_7)","decl":{"start":{"line":50,"column":17},"end":{"line":50,"column":20}},"loc":{"start":{"line":50,"column":22},"end":{"line":52,"column":1}}}},"branchMap":{"0":{"loc":{"start":{"line":19,"column":4},"end":{"line":21,"column":null}},"type":"if","locations":[{"start":{"line":19,"column":4},"end":{"line":21,"column":null}},{"start":{"line":19,"column":4},"end":{"line":21,"column":null}}]},"1":{"loc":{"start":{"line":19,"column":8},"end":{"line":19,"column":14}},"type":"binary-expr","locations":[{"start":{"line":19,"column":8},"end":{"line":19,"column":14}},{"start":{"line":19,"column":18},"end":{"line":19,"column":50}},{"start":{"line":19,"column":55},"end":{"line":19,"column":86}}]},"2":{"loc":{"start":{"line":39,"column":8},"end":{"line":44,"column":null}},"type":"if","locations":[{"start":{"line":39,"column":8},"end":{"line":44,"column":null}},{"start":{"line":39,"column":8},"end":{"line":44,"column":null}}]},"3":{"loc":{"start":{"line":42,"column":13},"end":{"line":44,"column":null}},"type":"if","locations":[{"start":{"line":42,"column":13},"end":{"line":44,"column":null}},{"start":{"line":42,"column":13},"end":{"line":44,"column":null}}]}},"s":{"0":1,"1":1,"2":1,"3":1,"4":1,"5":1,"6":1,"7":1,"8":1,"9":1,"10":1,"11":1,"12":1,"13":2,"14":2,"15":0,"16":2,"17":1,"18":0,"19":1,"20":0,"21":1,"22":2,"23":2,"24":0,"25":0,"26":0,"27":0,"28":0,"29":0,"30":1,"31":1,"32":1},"f":{"0":2,"1":0,"2":0,"3":2,"4":2,"5":0,"6":1},"b":{"0":[0,2],"1":[2,0,2],"2":[0,0],"3":[0,0]}}
,"/home/naqeeb/Desktop/Learning/bikeApi/src/utils.ts": {"path":"/home/naqeeb/Desktop/Learning/bikeApi/src/utils.ts","statementMap":{"0":{"start":{"line":1,"column":0},"end":{"line":1,"column":32}},"1":{"start":{"line":4,"column":39},"end":{"line":13,"column":1}},"2":{"start":{"line":5,"column":4},"end":{"line":12,"column":7}},"3":{"start":{"line":6,"column":27},"end":{"line":6,"column":48}},"4":{"start":{"line":7,"column":8},"end":{"line":7,"column":34}},"5":{"start":{"line":8,"column":8},"end":{"line":11,"column":11}},"6":{"start":{"line":15,"column":9},"end":{"line":15,"column":21}}},"fnMap":{"0":{"name":"(anonymous_1)","decl":{"start":{"line":4,"column":39},"end":{"line":4,"column":40}},"loc":{"start":{"line":4,"column":47},"end":{"line":13,"column":1}}},"1":{"name":"(anonymous_2)","decl":{"start":{"line":5,"column":12},"end":{"line":5,"column":13}},"loc":{"start":{"line":5,"column":36},"end":{"line":12,"column":5}}}},"branchMap":{"0":{"loc":{"start":{"line":6,"column":27},"end":{"line":6,"column":41}},"type":"binary-expr","locations":[{"start":{"line":6,"column":27},"end":{"line":6,"column":41}},{"start":{"line":6,"column":45},"end":{"line":6,"column":48}}]},"1":{"loc":{"start":{"line":10,"column":35},"end":{"line":10,"column":46}},"type":"cond-expr","locations":[{"start":{"line":10,"column":35},"end":{"line":10,"column":46}},{"start":{"line":10,"column":49},"end":{"line":10,"column":72}}]}},"s":{"0":1,"1":1,"2":1,"3":0,"4":0,"5":0,"6":1},"f":{"0":1,"1":0},"b":{"0":[0,0],"1":[0,0]}}
,"/home/naqeeb/Desktop/Learning/bikeApi/src/errors/snapshotNotFound.ts": {"path":"/home/naqeeb/Desktop/Learning/bikeApi/src/errors/snapshotNotFound.ts","statementMap":{"0":{"start":{"line":4,"column":6},"end":{"line":4,"column":21}},"1":{"start":{"line":5,"column":6},"end":{"line":5,"column":42}},"2":{"start":{"line":2,"column":0},"end":{"line":2,"column":13}}},"fnMap":{"0":{"name":"(anonymous_0)","decl":{"start":{"line":3,"column":4},"end":{"line":3,"column":16}},"loc":{"start":{"line":3,"column":23},"end":{"line":6,"column":5}}}},"branchMap":{},"s":{"0":1,"1":1,"2":2},"f":{"0":1},"b":{}}
,"/home/naqeeb/Desktop/Learning/bikeApi/src/errors/timeNotProvided.ts": {"path":"/home/naqeeb/Desktop/Learning/bikeApi/src/errors/timeNotProvided.ts","statementMap":{"0":{"start":{"line":4,"column":6},"end":{"line":4,"column":21}},"1":{"start":{"line":5,"column":6},"end":{"line":5,"column":41}},"2":{"start":{"line":2,"column":0},"end":{"line":2,"column":13}}},"fnMap":{"0":{"name":"(anonymous_0)","decl":{"start":{"line":3,"column":4},"end":{"line":3,"column":16}},"loc":{"start":{"line":3,"column":23},"end":{"line":6,"column":5}}}},"branchMap":{},"s":{"0":1,"1":1,"2":2},"f":{"0":1},"b":{}}
,"/home/naqeeb/Desktop/Learning/bikeApi/src/jobs/api.ts": {"path":"/home/naqeeb/Desktop/Learning/bikeApi/src/jobs/api.ts","statementMap":{"0":{"start":{"line":2,"column":0},"end":{"line":2,"column":26}},"1":{"start":{"line":3,"column":0},"end":{"line":3,"column":32}},"2":{"start":{"line":10,"column":53},"end":{"line":21,"column":1}},"3":{"start":{"line":11,"column":4},"end":{"line":20,"column":7}},"4":{"start":{"line":13,"column":8},"end":{"line":13,"column":29}},"5":{"start":{"line":16,"column":8},"end":{"line":18,"column":null}},"6":{"start":{"line":17,"column":12},"end":{"line":17,"column":102}},"7":{"start":{"line":19,"column":8},"end":{"line":19,"column":18}},"8":{"start":{"line":23,"column":8},"end":{"line":23,"column":13}}},"fnMap":{"0":{"name":"(anonymous_1)","decl":{"start":{"line":10,"column":53},"end":{"line":10,"column":54}},"loc":{"start":{"line":10,"column":61},"end":{"line":21,"column":1}}},"1":{"name":"(anonymous_2)","decl":{"start":{"line":12,"column":10},"end":{"line":12,"column":18}},"loc":{"start":{"line":12,"column":21},"end":{"line":14,"column":5}}},"2":{"name":"(anonymous_3)","decl":{"start":{"line":15,"column":11},"end":{"line":15,"column":14}},"loc":{"start":{"line":15,"column":17},"end":{"line":20,"column":5}}}},"branchMap":{"0":{"loc":{"start":{"line":16,"column":8},"end":{"line":18,"column":null}},"type":"if","locations":[{"start":{"line":16,"column":8},"end":{"line":18,"column":null}},{"start":{"line":16,"column":8},"end":{"line":18,"column":null}}]}},"s":{"0":1,"1":1,"2":1,"3":0,"4":0,"5":0,"6":0,"7":0,"8":1},"f":{"0":0,"1":0,"2":0},"b":{"0":[0,0]}}
,"/home/naqeeb/Desktop/Learning/bikeApi/src/jobs/handler.ts": {"path":"/home/naqeeb/Desktop/Learning/bikeApi/src/jobs/handler.ts","statementMap":{"0":{"start":{"line":1,"column":0},"end":{"line":1,"column":32}},"1":{"start":{"line":2,"column":0},"end":{"line":2,"column":28}},"2":{"start":{"line":4,"column":0},"end":{"line":4,"column":28}},"3":{"start":{"line":5,"column":0},"end":{"line":5,"column":31}},"4":{"start":{"line":7,"column":18},"end":{"line":7,"column":41}},"5":{"start":{"line":8,"column":19},"end":{"line":8,"column":43}},"6":{"start":{"line":17,"column":76},"end":{"line":44,"column":1}},"7":{"start":{"line":18,"column":17},"end":{"line":18,"column":19}},"8":{"start":{"line":19,"column":4},"end":{"line":32,"column":7}},"9":{"start":{"line":20,"column":34},"end":{"line":20,"column":52}},"10":{"start":{"line":21,"column":8},"end":{"line":31,"column":null}},"11":{"start":{"line":34,"column":4},"end":{"line":42,"column":null}},"12":{"start":{"line":43,"column":4},"end":{"line":43,"column":18}},"13":{"start":{"line":49,"column":18},"end":{"line":60,"column":null}},"14":{"start":{"line":49,"column":42},"end":{"line":60,"column":null}},"15":{"start":{"line":50,"column":4},"end":{"line":50,"column":42}},"16":{"start":{"line":51,"column":38},"end":{"line":51,"column":60}},"17":{"start":{"line":53,"column":4},"end":{"line":53,"column":43}},"18":{"start":{"line":54,"column":39},"end":{"line":54,"column":62}},"19":{"start":{"line":56,"column":40},"end":{"line":56,"column":84}},"20":{"start":{"line":58,"column":4},"end":{"line":58,"column":45}},"21":{"start":{"line":59,"column":4},"end":{"line":59,"column":34}},"22":{"start":{"line":62,"column":9},"end":{"line":62,"column":18}}},"fnMap":{"0":{"name":"(anonymous_8)","decl":{"start":{"line":17,"column":76},"end":{"line":17,"column":77}},"loc":{"start":{"line":17,"column":104},"end":{"line":44,"column":1}}},"1":{"name":"(anonymous_9)","decl":{"start":{"line":19,"column":40},"end":{"line":19,"column":47}},"loc":{"start":{"line":19,"column":50},"end":{"line":32,"column":5}}},"2":{"name":"(anonymous_10)","decl":{"start":{"line":49,"column":18},"end":{"line":49,"column":40}},"loc":{"start":{"line":49,"column":42},"end":{"line":60,"column":null}}},"3":{"name":"(anonymous_11)","decl":{"start":{"line":49,"column":42},"end":{"line":49,"column":null}},"loc":{"start":{"line":49,"column":42},"end":{"line":60,"column":1}}}},"branchMap":{},"s":{"0":1,"1":1,"2":1,"3":1,"4":1,"5":1,"6":1,"7":1,"8":1,"9":1,"10":1,"11":1,"12":1,"13":1,"14":1,"15":1,"16":1,"17":1,"18":1,"19":1,"20":1,"21":1,"22":1},"f":{"0":1,"1":1,"2":1,"3":1},"b":{}}
,"/home/naqeeb/Desktop/Learning/bikeApi/src/models/snapshot.ts": {"path":"/home/naqeeb/Desktop/Learning/bikeApi/src/models/snapshot.ts","statementMap":{"0":{"start":{"line":1,"column":0},"end":{"line":1,"column":32}},"1":{"start":{"line":2,"column":15},"end":{"line":2,"column":30}},"2":{"start":{"line":4,"column":23},"end":{"line":18,"column":2}},"3":{"start":{"line":20,"column":22},"end":{"line":20,"column":64}},"4":{"start":{"line":22,"column":9},"end":{"line":22,"column":22}}},"fnMap":{},"branchMap":{},"s":{"0":3,"1":3,"2":3,"3":3,"4":3},"f":{},"b":{}}
,"/home/naqeeb/Desktop/Learning/bikeApi/src/routes/stations.ts": {"path":"/home/naqeeb/Desktop/Learning/bikeApi/src/routes/stations.ts","statementMap":{"0":{"start":{"line":3,"column":0},"end":{"line":3,"column":32}},"1":{"start":{"line":5,"column":0},"end":{"line":5,"column":63}},"2":{"start":{"line":6,"column":0},"end":{"line":6,"column":65}},"3":{"start":{"line":7,"column":0},"end":{"line":7,"column":60}},"4":{"start":{"line":16,"column":21},"end":{"line":35,"column":null}},"5":{"start":{"line":16,"column":72},"end":{"line":35,"column":null}},"6":{"start":{"line":17,"column":4},"end":{"line":19,"column":null}},"7":{"start":{"line":18,"column":8},"end":{"line":18,"column":65}},"8":{"start":{"line":22,"column":4},"end":{"line":28,"column":null}},"9":{"start":{"line":23,"column":30},"end":{"line":23,"column":59}},"10":{"start":{"line":24,"column":8},"end":{"line":24,"column":71}},"11":{"start":{"line":27,"column":8},"end":{"line":27,"column":57}},"12":{"start":{"line":30,"column":4},"end":{"line":32,"column":null}},"13":{"start":{"line":31,"column":8},"end":{"line":31,"column":92}},"14":{"start":{"line":33,"column":4},"end":{"line":33,"column":83}},"15":{"start":{"line":34,"column":4},"end":{"line":34,"column":18}},"16":{"start":{"line":37,"column":8},"end":{"line":37,"column":20}}},"fnMap":{"0":{"name":"(anonymous_8)","decl":{"start":{"line":16,"column":21},"end":{"line":16,"column":27}},"loc":{"start":{"line":16,"column":72},"end":{"line":35,"column":null}}},"1":{"name":"(anonymous_9)","decl":{"start":{"line":16,"column":72},"end":{"line":16,"column":null}},"loc":{"start":{"line":16,"column":72},"end":{"line":35,"column":1}}}},"branchMap":{"0":{"loc":{"start":{"line":17,"column":4},"end":{"line":19,"column":null}},"type":"if","locations":[{"start":{"line":17,"column":4},"end":{"line":19,"column":null}},{"start":{"line":17,"column":4},"end":{"line":19,"column":null}}]},"1":{"loc":{"start":{"line":22,"column":4},"end":{"line":28,"column":null}},"type":"if","locations":[{"start":{"line":22,"column":4},"end":{"line":28,"column":null}},{"start":{"line":22,"column":4},"end":{"line":28,"column":null}}]},"2":{"loc":{"start":{"line":30,"column":4},"end":{"line":32,"column":null}},"type":"if","locations":[{"start":{"line":30,"column":4},"end":{"line":32,"column":null}},{"start":{"line":30,"column":4},"end":{"line":32,"column":null}}]}},"s":{"0":2,"1":2,"2":2,"3":2,"4":2,"5":6,"6":6,"7":1,"8":5,"9":3,"10":3,"11":2,"12":5,"13":1,"14":4,"15":4,"16":2},"f":{"0":6,"1":6},"b":{"0":[1,5],"1":[3,2],"2":[1,4]}}
}
