TN:
SF:src/db.ts
FN:15,(anonymous_8)
FN:16,(anonymous_9)
FN:23,(anonymous_10)
FN:23,(anonymous_11)
FN:38,(anonymous_12)
FN:38,(anonymous_13)
FN:48,(anonymous_14)
FN:48,(anonymous_15)
FNF:8
FNH:5
FNDA:1,(anonymous_8)
FNDA:0,(anonymous_9)
FNDA:0,(anonymous_10)
FNDA:0,(anonymous_11)
FNDA:1,(anonymous_12)
FNDA:1,(anonymous_13)
FNDA:1,(anonymous_14)
FNDA:1,(anonymous_15)
DA:3,3
DA:4,3
DA:5,3
DA:6,3
DA:8,3
DA:11,3
DA:14,3
DA:15,1
DA:16,0
DA:23,3
DA:24,0
DA:29,0
DA:30,0
DA:38,3
DA:39,1
DA:40,1
DA:48,3
DA:49,1
DA:50,1
DA:64,3
LF:20
LH:16
BRF:0
BRH:0
end_of_record
TN:
SF:src/index.ts
FN:17,auth
FN:26,(anonymous_2)
FN:30,(anonymous_3)
FN:34,(anonymous_4)
FN:36,(anonymous_5)
FN:37,(anonymous_6)
FN:50,(anonymous_7)
FNF:7
FNH:4
FNDA:2,auth
FNDA:0,(anonymous_2)
FNDA:0,(anonymous_3)
FNDA:2,(anonymous_4)
FNDA:2,(anonymous_5)
FNDA:0,(anonymous_6)
FNDA:1,(anonymous_7)
DA:1,1
DA:2,1
DA:3,1
DA:4,1
DA:5,1
DA:6,1
DA:7,1
DA:8,1
DA:10,1
DA:11,1
DA:12,1
DA:13,1
DA:18,2
DA:19,2
DA:20,0
DA:22,2
DA:26,1
DA:27,0
DA:30,1
DA:31,0
DA:34,1
DA:35,2
DA:36,2
DA:38,0
DA:39,0
DA:40,0
DA:42,0
DA:43,0
DA:45,0
DA:49,1
DA:50,1
DA:51,1
DA:54,1
LF:33
LH:24
BRDA:19,0,0,0
BRDA:19,0,1,2
BRDA:19,1,0,2
BRDA:19,1,1,0
BRDA:19,1,2,2
BRDA:39,2,0,0
BRDA:39,2,1,0
BRDA:42,3,0,0
BRDA:42,3,1,0
BRF:9
BRH:3
end_of_record
TN:
SF:src/utils.ts
FN:4,(anonymous_1)
FN:5,(anonymous_2)
FNF:2
FNH:1
FNDA:1,(anonymous_1)
FNDA:0,(anonymous_2)
DA:1,1
DA:4,1
DA:5,1
DA:6,0
DA:7,0
DA:8,0
DA:15,1
LF:7
LH:4
BRDA:6,0,0,0
BRDA:6,0,1,0
BRDA:10,1,0,0
BRDA:10,1,1,0
BRF:4
BRH:0
end_of_record
TN:
SF:src/errors/snapshotNotFound.ts
FN:3,(anonymous_0)
FNF:1
FNH:1
FNDA:1,(anonymous_0)
DA:2,2
DA:4,1
DA:5,1
LF:3
LH:3
BRF:0
BRH:0
end_of_record
TN:
SF:src/errors/timeNotProvided.ts
FN:3,(anonymous_0)
FNF:1
FNH:1
FNDA:1,(anonymous_0)
DA:2,2
DA:4,1
DA:5,1
LF:3
LH:3
BRF:0
BRH:0
end_of_record
TN:
SF:src/jobs/api.ts
FN:10,(anonymous_1)
FN:12,(anonymous_2)
FN:15,(anonymous_3)
FNF:3
FNH:0
FNDA:0,(anonymous_1)
FNDA:0,(anonymous_2)
FNDA:0,(anonymous_3)
DA:2,1
DA:3,1
DA:10,1
DA:11,0
DA:13,0
DA:16,0
DA:17,0
DA:19,0
DA:23,1
LF:9
LH:4
BRDA:16,0,0,0
BRDA:16,0,1,0
BRF:2
BRH:0
end_of_record
TN:
SF:src/jobs/handler.ts
FN:17,(anonymous_8)
FN:19,(anonymous_9)
FN:49,(anonymous_10)
FN:49,(anonymous_11)
FNF:4
FNH:4
FNDA:1,(anonymous_8)
FNDA:1,(anonymous_9)
FNDA:1,(anonymous_10)
FNDA:1,(anonymous_11)
DA:1,1
DA:2,1
DA:4,1
DA:5,1
DA:7,1
DA:8,1
DA:17,1
DA:18,1
DA:19,1
DA:20,1
DA:21,1
DA:34,1
DA:43,1
DA:49,1
DA:50,1
DA:51,1
DA:53,1
DA:54,1
DA:56,1
DA:58,1
DA:59,1
DA:62,1
LF:22
LH:22
BRF:0
BRH:0
end_of_record
TN:
SF:src/models/snapshot.ts
FNF:0
FNH:0
DA:1,3
DA:2,3
DA:4,3
DA:20,3
DA:22,3
LF:5
LH:5
BRF:0
BRH:0
end_of_record
TN:
SF:src/routes/stations.ts
FN:16,(anonymous_8)
FN:16,(anonymous_9)
FNF:2
FNH:2
FNDA:6,(anonymous_8)
FNDA:6,(anonymous_9)
DA:3,2
DA:5,2
DA:6,2
DA:7,2
DA:16,6
DA:17,6
DA:18,1
DA:22,5
DA:23,3
DA:24,3
DA:27,2
DA:30,5
DA:31,1
DA:33,4
DA:34,4
DA:37,2
LF:16
LH:16
BRDA:17,0,0,1
BRDA:17,0,1,5
BRDA:22,1,0,3
BRDA:22,1,1,2
BRDA:30,2,0,1
BRDA:30,2,1,4
BRF:6
BRH:6
end_of_record
